<?xml version="1.0" encoding="UTF-8"?>
<!-- Generated by org.testng.reporters.JUnitXMLReporter -->
<testsuite ignored="0" hostname="DESKTOP-1U92PBD" failures="0" tests="4" name="Default test" time="0.088" errors="0" timestamp="2022-12-19T18:51:47 CST">
  <testcase classname="JavaPrograms.maxarray" name="run1" time="0.014"/>
  <testcase classname="JavaPrograms.maxarray" name="testrun2" time="0.003"/>
  <testcase classname="JavaPrograms.maxarray" name="testrun3" time="0.002"/>
  <testcase classname="JavaPrograms.maxarray" name="testrun4" time="0.002"/>
</testsuite> <!-- Default test -->
