<?xml version="1.0" encoding="UTF-8"?>
<!-- Generated by org.testng.reporters.JUnitXMLReporter -->
<testsuite ignored="0" hostname="DESKTOP-1U92PBD" failures="0" tests="5" name="Default test" time="0.09" errors="0" timestamp="2022-12-19T20:55:02 CST">
  <testcase classname="JavaPrograms.mathCal" name="run1" time="0.013"/>
  <testcase classname="JavaPrograms.mathCal" name="run2" time="0.003"/>
  <testcase classname="JavaPrograms.mathCal" name="run3" time="0.002"/>
  <testcase classname="JavaPrograms.mathCal" name="run4" time="0.002"/>
  <testcase classname="JavaPrograms.mathCal" name="run5" time="0.002"/>
</testsuite> <!-- Default test -->
