<?xml version="1.0" encoding="UTF-8"?>
<testng-results ignored="0" total="3" passed="3" failed="0" skipped="0">
  <reporter-output>
  </reporter-output>
  <suite started-at="2022-12-19T15:30:37 CST" name="Default suite" finished-at="2022-12-19T15:30:37 CST" duration-ms="58">
    <groups>
    </groups>
    <test started-at="2022-12-19T15:30:37 CST" name="Default test" finished-at="2022-12-19T15:30:37 CST" duration-ms="58">
      <class name="JavaPrograms.AnagrmSub">
        <test-method signature="testrun1()[pri:0, instance:JavaPrograms.AnagrmSub@6069db50]" started-at="2022-12-19T15:30:37 CST" name="testrun1" finished-at="2022-12-19T15:30:37 CST" duration-ms="7" status="PASS">
          <reporter-output>
          </reporter-output>
        </test-method> <!-- testrun1 -->
        <test-method signature="testrun2()[pri:0, instance:JavaPrograms.AnagrmSub@6069db50]" started-at="2022-12-19T15:30:37 CST" name="testrun2" finished-at="2022-12-19T15:30:37 CST" duration-ms="2" status="PASS">
          <reporter-output>
          </reporter-output>
        </test-method> <!-- testrun2 -->
        <test-method signature="testrun3()[pri:0, instance:JavaPrograms.AnagrmSub@6069db50]" started-at="2022-12-19T15:30:37 CST" name="testrun3" finished-at="2022-12-19T15:30:37 CST" duration-ms="1" status="PASS">
          <reporter-output>
          </reporter-output>
        </test-method> <!-- testrun3 -->
      </class> <!-- JavaPrograms.AnagrmSub -->
    </test> <!-- Default test -->
  </suite> <!-- Default suite -->
</testng-results>
