<?xml version="1.0" encoding="UTF-8"?>
<testng-results ignored="0" total="2" passed="2" failed="0" skipped="0">
  <reporter-output>
  </reporter-output>
  <suite started-at="2023-01-01T10:15:54 CST" name="Default suite" finished-at="2023-01-01T10:15:54 CST" duration-ms="69">
    <groups>
    </groups>
    <test started-at="2023-01-01T10:15:54 CST" name="Default test" finished-at="2023-01-01T10:15:54 CST" duration-ms="69">
      <class name="JavaPrograms.arrayPow">
        <test-method signature="run1()[pri:0, instance:JavaPrograms.arrayPow@4efbca5a]" started-at="2023-01-01T10:15:54 CST" name="run1" finished-at="2023-01-01T10:15:54 CST" duration-ms="15" status="PASS">
          <reporter-output>
          </reporter-output>
        </test-method> <!-- run1 -->
        <test-method signature="run2()[pri:0, instance:JavaPrograms.arrayPow@4efbca5a]" started-at="2023-01-01T10:15:54 CST" name="run2" finished-at="2023-01-01T10:15:54 CST" duration-ms="2" status="PASS">
          <reporter-output>
          </reporter-output>
        </test-method> <!-- run2 -->
      </class> <!-- JavaPrograms.arrayPow -->
    </test> <!-- Default test -->
  </suite> <!-- Default suite -->
</testng-results>
